<?xml version="1.0" encoding="UTF-8"?>
<coverage generated="1530466869835" clover="3.2.0">
  <project timestamp="1530466869836" name="All files">
    <metrics statements="22" coveredstatements="20" conditionals="4" coveredconditionals="2" methods="13" coveredmethods="12" elements="39" coveredelements="34" complexity="0" loc="22" ncloc="22" packages="1" files="2" classes="2">
      <file name="state-functions.js" path="/Users/Platify/Documents/reactjs/testing-react-with-jest/app/state-functions.js">
        <metrics statements="9" coveredstatements="7" conditionals="2" coveredconditionals="1" methods="5" coveredmethods="4"/>
        <line num="4" count="1" type="stmt"/>
        <line num="5" count="1" type="cond" truecount="1" falsecount="1"/>
        <line num="6" count="1" type="stmt"/>
        <line num="9" count="1" type="stmt"/>
        <line num="12" count="1" type="stmt"/>
        <line num="16" count="0" type="stmt"/>
        <line num="21" count="0" type="stmt"/>
        <line num="27" count="1" type="stmt"/>
        <line num="28" count="1" type="stmt"/>
      </file>
      <file name="todo.js" path="/Users/Platify/Documents/reactjs/testing-react-with-jest/app/todo.js">
        <metrics statements="13" coveredstatements="13" conditionals="2" coveredconditionals="1" methods="8" coveredmethods="8"/>
        <line num="5" count="2" type="stmt"/>
        <line num="6" count="2" type="stmt"/>
        <line num="11" count="1" type="stmt"/>
        <line num="15" count="1" type="stmt"/>
        <line num="16" count="1" type="stmt"/>
        <line num="20" count="2" type="stmt"/>
        <line num="23" count="2" type="stmt"/>
        <line num="27" count="1" type="stmt"/>
        <line num="31" count="4" type="stmt"/>
        <line num="33" count="4" type="cond" truecount="1" falsecount="1"/>
        <line num="35" count="4" type="stmt"/>
        <line num="37" count="1" type="stmt"/>
        <line num="38" count="1" type="stmt"/>
      </file>
    </metrics>
  </project>
</coverage>
