<?xml version="1.0" encoding="UTF-8"?>
<coverage generated="1530467987475" clover="3.2.0">
  <project timestamp="1530467987475" name="All files">
    <metrics statements="24" coveredstatements="22" conditionals="4" coveredconditionals="2" methods="14" coveredmethods="13" elements="42" coveredelements="37" complexity="0" loc="24" ncloc="24" packages="1" files="2" classes="2">
      <file name="state-functions.js" path="/Users/Platify/Documents/reactjs/testing-react-with-jest/app/state-functions.js">
        <metrics statements="9" coveredstatements="7" conditionals="2" coveredconditionals="1" methods="5" coveredmethods="4"/>
        <line num="4" count="1" type="stmt"/>
        <line num="5" count="1" type="cond" truecount="1" falsecount="1"/>
        <line num="6" count="1" type="stmt"/>
        <line num="9" count="1" type="stmt"/>
        <line num="12" count="1" type="stmt"/>
        <line num="16" count="0" type="stmt"/>
        <line num="21" count="0" type="stmt"/>
        <line num="27" count="1" type="stmt"/>
        <line num="28" count="1" type="stmt"/>
      </file>
      <file name="todo.js" path="/Users/Platify/Documents/reactjs/testing-react-with-jest/app/todo.js">
        <metrics statements="15" coveredstatements="15" conditionals="2" coveredconditionals="1" methods="9" coveredmethods="9"/>
        <line num="5" count="2" type="stmt"/>
        <line num="6" count="2" type="stmt"/>
        <line num="11" count="1" type="stmt"/>
        <line num="15" count="1" type="stmt"/>
        <line num="16" count="1" type="stmt"/>
        <line num="20" count="2" type="stmt"/>
        <line num="23" count="2" type="stmt"/>
        <line num="24" count="2" type="stmt"/>
        <line num="28" count="1" type="stmt"/>
        <line num="32" count="1" type="stmt"/>
        <line num="35" count="4" type="stmt"/>
        <line num="37" count="4" type="cond" truecount="1" falsecount="1"/>
        <line num="39" count="4" type="stmt"/>
        <line num="41" count="1" type="stmt"/>
        <line num="42" count="1" type="stmt"/>
      </file>
    </metrics>
  </project>
</coverage>
