{"/Users/Platify/Documents/reactjs/testing-react-with-jest/app/state-functions.js": {"path":"/Users/Platify/Documents/reactjs/testing-react-with-jest/app/state-functions.js","statementMap":{"0":{"start":{"line":4,"column":16},"end":{"line":10,"column":4}},"1":{"start":{"line":5,"column":4},"end":{"line":7,"column":5}},"2":{"start":{"line":6,"column":6},"end":{"line":6,"column":29}},"3":{"start":{"line":9,"column":4},"end":{"line":9,"column":16}},"4":{"start":{"line":12,"column":2},"end":{"line":12,"column":19}},"5":{"start":{"line":16,"column":18},"end":{"line":19,"column":4}},"6":{"start":{"line":21,"column":2},"end":{"line":23,"column":4}},"7":{"start":{"line":27,"column":2},"end":{"line":29,"column":4}},"8":{"start":{"line":28,"column":40},"end":{"line":28,"column":54}}},"fnMap":{"0":{"name":"toggleDone","decl":{"start":{"line":3,"column":16},"end":{"line":3,"column":26}},"loc":{"start":{"line":3,"column":38},"end":{"line":13,"column":1}},"line":3},"1":{"name":"(anonymous_1)","decl":{"start":{"line":4,"column":32},"end":{"line":4,"column":33}},"loc":{"start":{"line":4,"column":42},"end":{"line":10,"column":3}},"line":4},"2":{"name":"addTodo","decl":{"start":{"line":15,"column":16},"end":{"line":15,"column":23}},"loc":{"start":{"line":15,"column":37},"end":{"line":24,"column":1}},"line":15},"3":{"name":"deleteTodo","decl":{"start":{"line":26,"column":16},"end":{"line":26,"column":26}},"loc":{"start":{"line":26,"column":38},"end":{"line":30,"column":1}},"line":26},"4":{"name":"(anonymous_4)","decl":{"start":{"line":28,"column":30},"end":{"line":28,"column":31}},"loc":{"start":{"line":28,"column":40},"end":{"line":28,"column":54}},"line":28}},"branchMap":{"0":{"loc":{"start":{"line":5,"column":4},"end":{"line":7,"column":5}},"type":"if","locations":[{"start":{"line":5,"column":4},"end":{"line":7,"column":5}},{"start":{"line":5,"column":4},"end":{"line":7,"column":5}}],"line":5}},"s":{"0":1,"1":1,"2":1,"3":1,"4":1,"5":0,"6":0,"7":1,"8":1},"f":{"0":1,"1":1,"2":0,"3":1,"4":1},"b":{"0":[1,0]},"_coverageSchema":"332fd63041d2c1bcb487cc26dd0d5f7d97098a6c","hash":"c09d7d93ce7d27b12399628e124ac01f773bb8e4"}
,"/Users/Platify/Documents/reactjs/testing-react-with-jest/app/todo.js": {"path":"/Users/Platify/Documents/reactjs/testing-react-with-jest/app/todo.js","statementMap":{"0":{"start":{"line":5,"column":4},"end":{"line":5,"column":17}},"1":{"start":{"line":6,"column":4},"end":{"line":8,"column":5}},"2":{"start":{"line":11,"column":4},"end":{"line":11,"column":46}},"3":{"start":{"line":15,"column":4},"end":{"line":15,"column":23}},"4":{"start":{"line":16,"column":4},"end":{"line":16,"column":46}},"5":{"start":{"line":20,"column":4},"end":{"line":22,"column":6}},"6":{"start":{"line":23,"column":4},"end":{"line":23,"column":60}},"7":{"start":{"line":24,"column":4},"end":{"line":24,"column":60}},"8":{"start":{"line":28,"column":4},"end":{"line":28,"column":37}},"9":{"start":{"line":32,"column":4},"end":{"line":32,"column":35}},"10":{"start":{"line":35,"column":21},"end":{"line":35,"column":31}},"11":{"start":{"line":37,"column":22},"end":{"line":37,"column":50}},"12":{"start":{"line":39,"column":4},"end":{"line":44,"column":5}},"13":{"start":{"line":41,"column":50},"end":{"line":41,"column":67}},"14":{"start":{"line":42,"column":60},"end":{"line":42,"column":78}}},"fnMap":{"0":{"name":"(anonymous_0)","decl":{"start":{"line":4,"column":2},"end":{"line":4,"column":3}},"loc":{"start":{"line":4,"column":20},"end":{"line":9,"column":3}},"line":4},"1":{"name":"(anonymous_1)","decl":{"start":{"line":10,"column":2},"end":{"line":10,"column":3}},"loc":{"start":{"line":10,"column":15},"end":{"line":12,"column":3}},"line":10},"2":{"name":"(anonymous_2)","decl":{"start":{"line":14,"column":2},"end":{"line":14,"column":3}},"loc":{"start":{"line":14,"column":16},"end":{"line":17,"column":3}},"line":14},"3":{"name":"(anonymous_3)","decl":{"start":{"line":19,"column":2},"end":{"line":19,"column":3}},"loc":{"start":{"line":19,"column":21},"end":{"line":25,"column":3}},"line":19},"4":{"name":"(anonymous_4)","decl":{"start":{"line":27,"column":2},"end":{"line":27,"column":3}},"loc":{"start":{"line":27,"column":17},"end":{"line":29,"column":3}},"line":27},"5":{"name":"(anonymous_5)","decl":{"start":{"line":31,"column":2},"end":{"line":31,"column":3}},"loc":{"start":{"line":31,"column":20},"end":{"line":33,"column":3}},"line":31},"6":{"name":"(anonymous_6)","decl":{"start":{"line":34,"column":2},"end":{"line":34,"column":3}},"loc":{"start":{"line":34,"column":11},"end":{"line":45,"column":3}},"line":34},"7":{"name":"(anonymous_7)","decl":{"start":{"line":41,"column":44},"end":{"line":41,"column":45}},"loc":{"start":{"line":41,"column":50},"end":{"line":41,"column":67}},"line":41},"8":{"name":"(anonymous_8)","decl":{"start":{"line":42,"column":53},"end":{"line":42,"column":54}},"loc":{"start":{"line":42,"column":60},"end":{"line":42,"column":78}},"line":42}},"branchMap":{"0":{"loc":{"start":{"line":37,"column":22},"end":{"line":37,"column":50}},"type":"cond-expr","locations":[{"start":{"line":37,"column":34},"end":{"line":37,"column":45}},{"start":{"line":37,"column":48},"end":{"line":37,"column":50}}],"line":37}},"s":{"0":2,"1":2,"2":1,"3":1,"4":1,"5":2,"6":2,"7":2,"8":1,"9":1,"10":4,"11":4,"12":4,"13":1,"14":1},"f":{"0":2,"1":1,"2":1,"3":2,"4":1,"5":1,"6":4,"7":1,"8":1},"b":{"0":[0,4]},"_coverageSchema":"332fd63041d2c1bcb487cc26dd0d5f7d97098a6c","hash":"1c2aaa5ec212f59ab342afdcd8d8ad44c77a0bed"}
}
