TN:
SF:/Users/Platify/Documents/reactjs/testing-react-with-jest/app/state-functions.js
FN:3,toggleDone
FN:4,(anonymous_1)
FN:15,addTodo
FN:26,deleteTodo
FN:28,(anonymous_4)
FNF:5
FNH:4
FNDA:1,toggleDone
FNDA:1,(anonymous_1)
FNDA:0,addTodo
FNDA:1,deleteTodo
FNDA:1,(anonymous_4)
DA:4,1
DA:5,1
DA:6,1
DA:9,1
DA:12,1
DA:16,0
DA:21,0
DA:27,1
DA:28,1
LF:9
LH:7
BRDA:5,0,0,1
BRDA:5,0,1,0
BRF:2
BRH:1
end_of_record
TN:
SF:/Users/Platify/Documents/reactjs/testing-react-with-jest/app/todo.js
FN:4,(anonymous_0)
FN:10,(anonymous_1)
FN:14,(anonymous_2)
FN:19,(anonymous_3)
FN:27,(anonymous_4)
FN:31,(anonymous_5)
FN:34,(anonymous_6)
FN:41,(anonymous_7)
FN:42,(anonymous_8)
FNF:9
FNH:9
FNDA:2,(anonymous_0)
FNDA:1,(anonymous_1)
FNDA:1,(anonymous_2)
FNDA:2,(anonymous_3)
FNDA:1,(anonymous_4)
FNDA:1,(anonymous_5)
FNDA:4,(anonymous_6)
FNDA:1,(anonymous_7)
FNDA:1,(anonymous_8)
DA:5,2
DA:6,2
DA:11,1
DA:15,1
DA:16,1
DA:20,2
DA:23,2
DA:24,2
DA:28,1
DA:32,1
DA:35,4
DA:37,4
DA:39,4
DA:41,1
DA:42,1
LF:15
LH:15
BRDA:37,0,0,0
BRDA:37,0,1,4
BRF:2
BRH:1
end_of_record
